<?xml version="1.0" encoding="UTF-8"?>
<testng-results ignored="0" total="1" passed="1" failed="0" skipped="0">
  <reporter-output>
  </reporter-output>
  <suite started-at="2020-11-03T17:16:06 IST" name="Default suite" finished-at="2020-11-03T17:16:25 IST" duration-ms="18281">
    <groups>
    </groups>
    <test started-at="2020-11-03T17:16:06 IST" name="Default test" finished-at="2020-11-03T17:16:25 IST" duration-ms="18281">
      <class name="com.testng.assignment1.ReadProperty">
        <test-method is-config="true" signature="setUp()[pri:0, instance:com.testng.assignment1.ReadProperty@4ef37659]" started-at="2020-11-03T17:16:06 IST" name="setUp" finished-at="2020-11-03T17:16:17 IST" duration-ms="10306" status="PASS">
          <reporter-output>
          </reporter-output>
        </test-method> <!-- setUp -->
        <test-method signature="signIn()[pri:0, instance:com.testng.assignment1.ReadProperty@4ef37659]" started-at="2020-11-03T17:16:17 IST" name="signIn" finished-at="2020-11-03T17:16:25 IST" duration-ms="7909" status="PASS">
          <reporter-output>
          </reporter-output>
        </test-method> <!-- signIn -->
      </class> <!-- com.testng.assignment1.ReadProperty -->
    </test> <!-- Default test -->
  </suite> <!-- Default suite -->
</testng-results>
